SF:lib/src/open_meteo_api_client.dart
DA:21,1
DA:22,1
DA:33,1
DA:34,1
DA:37,1
DA:43,2
DA:45,2
DA:46,1
DA:49,2
DA:50,1
DA:51,1
DA:54,1
DA:55,1
DA:56,0
DA:59,2
DA:66,1
DA:70,2
DA:71,1
DA:72,1
DA:76,2
DA:78,2
DA:79,1
DA:82,2
DA:84,1
DA:85,1
DA:88,1
DA:89,1
LF:27
LH:26
end_of_record
SF:lib/src/models/location.dart
DA:8,1
DA:15,1
DA:16,1
LF:3
LH:3
end_of_record
SF:lib/generated/src/models/location.g.dart
DA:9,2
DA:12,1
DA:13,1
DA:14,2
DA:15,2
DA:16,3
DA:17,3
LF:7
LH:7
end_of_record
SF:lib/src/models/weather.dart
DA:8,1
DA:13,1
DA:14,1
LF:3
LH:3
end_of_record
SF:lib/generated/src/models/weather.g.dart
DA:9,2
DA:12,1
DA:13,1
DA:15,3
DA:17,3
LF:5
LH:5
end_of_record
